Build started 10/4/2015 11:48:23 PM.
     1>Project "C:\Users\Ne0\Desktop\Gihub\SteerLite\steerlib\build\win32\steerlib.vcxproj" on node 2 (Build target(s)).
     1>ClCompile:
         C:\Program Files (x86)\Microsoft Visual Studio 12.0\VC\bin\x86_amd64\CL.exe /c /I..\..\..\util\include /I..\..\include /I..\..\..\external /Zi /nologo /W3 /WX- /MP /O2 /Oi /Ot /GL /D _COMPILING_WIN32_STEERLIB /D ENABLE_GUI /D _WINDLL /D _MBCS /Gm- /EHsc /MD /GS /Gy /arch:SSE2 /fp:fast /Zc:wchar_t /Zc:forScope /GR /Fo"Release\\" /Fd"Release\vc120.pdb" /Gd /TP /errorReport:prompt ..\..\src\Curve.cpp
     1>cl : Command line warning D9002: ignoring unknown option '/arch:SSE2'
         Curve.cpp
     1>..\..\src\Curve.cpp(116): warning C4101: 'normalTime' : unreferenced local variable
     1>..\..\src\Curve.cpp(116): warning C4101: 'intervalTime' : unreferenced local variable
     1>..\..\src\Curve.cpp(186): warning C4018: '<' : signed/unsigned mismatch
     1>..\..\src\Curve.cpp(188): warning C4018: '<' : signed/unsigned mismatch
     1>..\..\src\Curve.cpp(243): warning C4018: '<' : signed/unsigned mismatch
     1>..\..\src\Curve.cpp(264): warning C4244: '=' : conversion from 'double' to 'float', possible loss of data
     1>..\..\src\Curve.cpp(265): warning C4244: '=' : conversion from 'double' to 'float', possible loss of data
     1>..\..\src\Curve.cpp(266): warning C4244: '=' : conversion from 'double' to 'float', possible loss of data
     1>..\..\src\Curve.cpp(271): warning C4244: '=' : conversion from 'double' to 'float', possible loss of data
     1>..\..\src\Curve.cpp(272): warning C4244: '=' : conversion from 'double' to 'float', possible loss of data
     1>..\..\src\Curve.cpp(273): warning C4244: '=' : conversion from 'double' to 'float', possible loss of data
     1>..\..\src\Curve.cpp(277): warning C4244: '=' : conversion from 'double' to 'float', possible loss of data
     1>..\..\src\Curve.cpp(278): warning C4244: '=' : conversion from 'double' to 'float', possible loss of data
     1>..\..\src\Curve.cpp(279): warning C4244: '=' : conversion from 'double' to 'float', possible loss of data
     1>..\..\src\Curve.cpp(284): warning C4244: '=' : conversion from 'double' to 'float', possible loss of data
     1>..\..\src\Curve.cpp(285): warning C4244: '=' : conversion from 'double' to 'float', possible loss of data
     1>..\..\src\Curve.cpp(286): warning C4244: '=' : conversion from 'double' to 'float', possible loss of data
     1>..\..\src\Curve.cpp(287): warning C4244: '=' : conversion from 'double' to 'float', possible loss of data
       Link:
         C:\Program Files (x86)\Microsoft Visual Studio 12.0\VC\bin\x86_amd64\link.exe /ERRORREPORT:PROMPT /OUT:"C:\Users\Ne0\Desktop\Gihub\SteerLite\build\win32\Release\steerlib.dll" /INCREMENTAL:NO /NOLOGO /LIBPATH:C:\Users\Ne0\Desktop\Gihub\SteerLite\build\win32\Release\ util.lib opengl32.lib glu32.lib kernel32.lib user32.lib gdi32.lib winspool.lib comdlg32.lib advapi32.lib shell32.lib ole32.lib oleaut32.lib uuid.lib odbc32.lib odbccp32.lib /MANIFEST /MANIFESTUAC:"level='asInvoker' uiAccess='false'" /manifest:embed /PDB:"C:\Users\Ne0\Desktop\Gihub\SteerLite\build\win32\Release\steerlib.pdb" /LTCG /TLBID:1 /DYNAMICBASE /NXCOMPAT /IMPLIB:"C:\Users\Ne0\Desktop\Gihub\SteerLite\build\win32\Release\steerlib.lib" /MACHINE:X64 /DLL Release\AgentMetricsCollector.obj
         Release\BehaviorParameter.obj
         Release\Behaviour.obj
         Release\BenchmarkEngine.obj
         Release\CompositeTechnique01.obj
         Release\CompositeTechnique02.obj
         Release\CompositeTechniquePLE.obj
         Release\Curve.obj
         Release\FrameSaver.obj
         Release\OrientedWallObstacle.obj
         Release\SimulationMetricsCollector.obj
         Release\GridDatabase2D.obj
         Release\CommandLineParser.obj
         Release\DrawLib.obj
         Release\DynamicLibrary.obj
         Release\HighResCounter.obj
         Release\MemoryMapper.obj
         Release\Misc.obj
         Release\PerformanceProfiler.obj
         Release\StateMachine.obj
         Release\ThreadedTaskManager.obj
         Release\XMLParser.obj
         Release\RecFileReader.obj
         Release\RecFileWriter.obj
         Release\TestCaseReader.obj
         Release\TestCaseReaderPrivate.obj
         Release\TestCaseWriter.obj
         Release\Camera.obj
         Release\Clock.obj
         Release\SimulationEngine.obj
         Release\SimulationOptions.obj
         Release\SteeringCommand.obj
         Release\BoxObstacle.obj
         Release\CircleObstacle.obj
         Release\OrientedBoxObstacle.obj
         Release\RecFilePlayerModule.obj
         Release\SimulationRecorderModule.obj
         Release\TestCasePlayerModule.obj
         Release\ticpp.obj
         Release\tinystr.obj
         Release\tinyxml.obj
         Release\tinyxmlerror.obj
         Release\tinyxmlparser.obj
            Creating library C:\Users\Ne0\Desktop\Gihub\SteerLite\build\win32\Release\steerlib.lib and object C:\Users\Ne0\Desktop\Gihub\SteerLite\build\win32\Release\steerlib.exp
         Generating code
     1>c:\users\ne0\desktop\gihub\steerlite\steerlib\src\agentmetricscollector.cpp(75): warning C4756: overflow in constant arithmetic
     1>c:\users\ne0\desktop\gihub\steerlite\steerlib\src\agentmetricscollector.cpp(83): warning C4756: overflow in constant arithmetic
     1>c:\users\ne0\desktop\gihub\steerlite\steerlib\src\agentmetricscollector.cpp(91): warning C4756: overflow in constant arithmetic
     1>c:\users\ne0\desktop\gihub\steerlite\steerlib\src\agentmetricscollector.cpp(100): warning C4756: overflow in constant arithmetic
         Finished generating code
         steerlib.vcxproj -> C:\Users\Ne0\Desktop\Gihub\SteerLite\build\win32\Release\steerlib.dll
     1>Done Building Project "C:\Users\Ne0\Desktop\Gihub\SteerLite\steerlib\build\win32\steerlib.vcxproj" (Build target(s)).

Build succeeded.

Time Elapsed 00:00:11.04
