c:\users\ne0\desktop\gihub\steerlite\steerlib\build\win32\release\vc120.pdb
c:\users\ne0\desktop\gihub\steerlite\steerlib\build\win32\release\curve.obj
c:\users\ne0\desktop\gihub\steerlite\build\win32\release\steerlib.dll
c:\users\ne0\desktop\gihub\steerlite\build\win32\release\steerlib.lib
c:\users\ne0\desktop\gihub\steerlite\build\win32\release\steerlib.exp
c:\users\ne0\desktop\gihub\steerlite\steerlib\build\win32\release\agentmetricscollector.obj
c:\users\ne0\desktop\gihub\steerlite\steerlib\build\win32\release\behaviorparameter.obj
c:\users\ne0\desktop\gihub\steerlite\steerlib\build\win32\release\behaviour.obj
c:\users\ne0\desktop\gihub\steerlite\steerlib\build\win32\release\benchmarkengine.obj
c:\users\ne0\desktop\gihub\steerlite\steerlib\build\win32\release\boxobstacle.obj
c:\users\ne0\desktop\gihub\steerlite\steerlib\build\win32\release\camera.obj
c:\users\ne0\desktop\gihub\steerlite\steerlib\build\win32\release\circleobstacle.obj
c:\users\ne0\desktop\gihub\steerlite\steerlib\build\win32\release\clock.obj
c:\users\ne0\desktop\gihub\steerlite\steerlib\build\win32\release\commandlineparser.obj
c:\users\ne0\desktop\gihub\steerlite\steerlib\build\win32\release\compositetechnique01.obj
c:\users\ne0\desktop\gihub\steerlite\steerlib\build\win32\release\compositetechnique02.obj
c:\users\ne0\desktop\gihub\steerlite\steerlib\build\win32\release\compositetechniqueple.obj
c:\users\ne0\desktop\gihub\steerlite\steerlib\build\win32\release\drawlib.obj
c:\users\ne0\desktop\gihub\steerlite\steerlib\build\win32\release\dynamiclibrary.obj
c:\users\ne0\desktop\gihub\steerlite\steerlib\build\win32\release\framesaver.obj
c:\users\ne0\desktop\gihub\steerlite\steerlib\build\win32\release\griddatabase2d.obj
c:\users\ne0\desktop\gihub\steerlite\steerlib\build\win32\release\highrescounter.obj
c:\users\ne0\desktop\gihub\steerlite\steerlib\build\win32\release\memorymapper.obj
c:\users\ne0\desktop\gihub\steerlite\steerlib\build\win32\release\misc.obj
c:\users\ne0\desktop\gihub\steerlite\steerlib\build\win32\release\orientedboxobstacle.obj
c:\users\ne0\desktop\gihub\steerlite\steerlib\build\win32\release\orientedwallobstacle.obj
c:\users\ne0\desktop\gihub\steerlite\steerlib\build\win32\release\performanceprofiler.obj
c:\users\ne0\desktop\gihub\steerlite\steerlib\build\win32\release\recfileplayermodule.obj
c:\users\ne0\desktop\gihub\steerlite\steerlib\build\win32\release\recfilereader.obj
c:\users\ne0\desktop\gihub\steerlite\steerlib\build\win32\release\recfilewriter.obj
c:\users\ne0\desktop\gihub\steerlite\steerlib\build\win32\release\simulationengine.obj
c:\users\ne0\desktop\gihub\steerlite\steerlib\build\win32\release\simulationmetricscollector.obj
c:\users\ne0\desktop\gihub\steerlite\steerlib\build\win32\release\simulationoptions.obj
c:\users\ne0\desktop\gihub\steerlite\steerlib\build\win32\release\simulationrecordermodule.obj
c:\users\ne0\desktop\gihub\steerlite\steerlib\build\win32\release\statemachine.obj
c:\users\ne0\desktop\gihub\steerlite\steerlib\build\win32\release\steeringcommand.obj
c:\users\ne0\desktop\gihub\steerlite\steerlib\build\win32\release\testcaseplayermodule.obj
c:\users\ne0\desktop\gihub\steerlite\steerlib\build\win32\release\testcasereader.obj
c:\users\ne0\desktop\gihub\steerlite\steerlib\build\win32\release\testcasereaderprivate.obj
c:\users\ne0\desktop\gihub\steerlite\steerlib\build\win32\release\testcasewriter.obj
c:\users\ne0\desktop\gihub\steerlite\steerlib\build\win32\release\threadedtaskmanager.obj
c:\users\ne0\desktop\gihub\steerlite\steerlib\build\win32\release\ticpp.obj
c:\users\ne0\desktop\gihub\steerlite\steerlib\build\win32\release\tinystr.obj
c:\users\ne0\desktop\gihub\steerlite\steerlib\build\win32\release\tinyxml.obj
c:\users\ne0\desktop\gihub\steerlite\steerlib\build\win32\release\tinyxmlerror.obj
c:\users\ne0\desktop\gihub\steerlite\steerlib\build\win32\release\tinyxmlparser.obj
c:\users\ne0\desktop\gihub\steerlite\steerlib\build\win32\release\xmlparser.obj
c:\users\ne0\desktop\gihub\steerlite\steerlib\build\win32\release\steerlib.tlog\cl.command.1.tlog
c:\users\ne0\desktop\gihub\steerlite\steerlib\build\win32\release\steerlib.tlog\cl.read.1.tlog
c:\users\ne0\desktop\gihub\steerlite\steerlib\build\win32\release\steerlib.tlog\cl.write.1.tlog
c:\users\ne0\desktop\gihub\steerlite\steerlib\build\win32\release\steerlib.tlog\link.command.1.tlog
c:\users\ne0\desktop\gihub\steerlite\steerlib\build\win32\release\steerlib.tlog\link.read.1.tlog
c:\users\ne0\desktop\gihub\steerlite\steerlib\build\win32\release\steerlib.tlog\link.write.1.tlog
c:\users\ne0\desktop\gihub\steerlite\steerlib\build\win32\release\steerlib.tlog\steerlib.write.1u.tlog
